<?xml version="1.0" encoding="UTF-8"?>
<!-- Generated by org.testng.reporters.JUnitXMLReporter -->
<testsuite hostname="DESKTOP-UG9H2U9" ignored="2" name="Test" tests="1" failures="1" timestamp="2021-11-18T22:40:18 IST" time="0.516" errors="0">
  <testcase name="validateLoginTestUsingParameters" time="0.0" classname="com.testcases.LoginPageTest">
    <failure type="org.testng.TestNGException" message="
Parameter &amp;apos;pass&amp;apos; is required by @Test on method validateLoginTestUsingParameters but has not been marked @Optional or defined
in F:\WorkSpace\seleniumframework\testng.xml">
      <![CDATA[org.testng.TestNGException: 
Parameter 'pass' is required by @Test on method validateLoginTestUsingParameters but has not been marked @Optional or defined
in F:\WorkSpace\seleniumframework\testng.xml
at java.util.ArrayList.forEach(Unknown Source)
... Removed 26 stack frames]]>
    </failure>
  </testcase> <!-- validateLoginTestUsingParameters -->
  <testcase name="validateTitleTest" time="0.0" classname="com.testcases.LoginPageTest">
    <ignored/>
  </testcase> <!-- validateTitleTest -->
  <testcase name="validateLoginTest" time="0.0" classname="com.testcases.LoginPageTest">
    <ignored/>
  </testcase> <!-- validateLoginTest -->
</testsuite> <!-- Test -->
